<?xml version="1.0" encoding="UTF-8"?>
<!-- Generated by org.testng.reporters.JUnitXMLReporter -->
<testsuite ignored="0" hostname="LAPTOP-L05V6270" failures="0" tests="2" name="Test1" time="0.06" errors="0" timestamp="2022-01-30T17:41:03 IST">
  <testcase classname="test.EGHomePageTest" name="@BeforeMethod setup" time="-1.6435446639E9">
    <failure type="org.testng.TestNGException" message="
Parameter &amp;apos;browser&amp;apos; is required by BeforeMethod on method setup but has not been marked @Optional or defined
in C:\Automation\eclipse-workspace\EG_Kerastase_AutomationFramework\testng.xml">
      <![CDATA[org.testng.TestNGException: 
Parameter 'browser' is required by BeforeMethod on method setup but has not been marked @Optional or defined
in C:\Automation\eclipse-workspace\EG_Kerastase_AutomationFramework\testng.xml
at java.base/java.util.ArrayList.forEach(ArrayList.java:1511)
... Removed 28 stack frames]]>
    </failure>
  </testcase> <!-- @BeforeMethod setup -->
  <testcase classname="test.EGHomePageTest" name="@AfterMethod tearDown" time="-1.643544663917E9">
    <skipped/>
  </testcase> <!-- @AfterMethod tearDown -->
  <testcase classname="test.EGHomePageTest" name="@BeforeMethod setup" time="-1.643544663922E9">
    <skipped/>
  </testcase> <!-- @BeforeMethod setup -->
  <testcase classname="test.EGHomePageTest" name="@AfterMethod tearDown" time="-1.643544663927E9">
    <skipped/>
  </testcase> <!-- @AfterMethod tearDown -->
  <testcase classname="test.EGHomePageTest" name="kerEGLogoTest" time="0.0">
    <skipped/>
  </testcase> <!-- kerEGLogoTest -->
  <testcase classname="test.EGHomePageTest" name="kerEGTitleTest" time="0.0">
    <skipped/>
  </testcase> <!-- kerEGTitleTest -->
</testsuite> <!-- Test1 -->
